<?xml version="1.0" encoding="UTF-8"?>
<testng-results total="1" passed="1" failed="0" skipped="0">
  <reporter-output>
  </reporter-output>
  <suite started-at="2018-07-04T15:09:54Z" name="Default suite" finished-at="2018-07-04T15:10:31Z" duration-ms="37107">
    <groups>
    </groups>
    <test started-at="2018-07-04T15:09:54Z" name="Default test" finished-at="2018-07-04T15:10:31Z" duration-ms="37107">
      <class name="main.BannersPhantomDriver">
        <test-method signature="f()[pri:0, instance:main.BannersPhantomDriver@399c4be1]" started-at="2018-07-04T20:39:54Z" name="f" finished-at="2018-07-04T20:40:31Z" duration-ms="37081" status="PASS">
          <reporter-output>
          </reporter-output>
        </test-method> <!-- f -->
      </class> <!-- main.BannersPhantomDriver -->
    </test> <!-- Default test -->
  </suite> <!-- Default suite -->
</testng-results>
