<?xml version="1.0" encoding="UTF-8"?>
<testng-results total="1" passed="0" failed="1" skipped="0">
  <reporter-output>
  </reporter-output>
  <suite started-at="2018-07-04T15:08:23Z" name="Default suite" finished-at="2018-07-04T15:08:23Z" duration-ms="69">
    <groups>
    </groups>
    <test started-at="2018-07-04T15:08:23Z" name="Default test" finished-at="2018-07-04T15:08:23Z" duration-ms="69">
      <class name="banners.banners">
        <test-method signature="f()[pri:0, instance:banners.banners@ed7f8b4]" started-at="2018-07-04T20:38:23Z" name="f" finished-at="2018-07-04T20:38:23Z" duration-ms="47" status="FAIL">
          <exception class="java.lang.NoClassDefFoundError">
            <message>
              <![CDATA[org/openqa/selenium/browserlaunchers/Proxies]]>
            </message>
            <full-stacktrace>
              <![CDATA[java.lang.NoClassDefFoundError: org/openqa/selenium/browserlaunchers/Proxies
	at org.openqa.selenium.phantomjs.PhantomJSDriverService.createDefaultService(PhantomJSDriverService.java:178)
	at org.openqa.selenium.phantomjs.PhantomJSDriver.<init>(PhantomJSDriver.java:99)
	at org.openqa.selenium.phantomjs.PhantomJSDriver.<init>(PhantomJSDriver.java:89)
	at banners.banners.f(banners.java:16)
	at java.base/jdk.internal.reflect.NativeMethodAccessorImpl.invoke0(Native Method)
	at java.base/jdk.internal.reflect.NativeMethodAccessorImpl.invoke(NativeMethodAccessorImpl.java:62)
	at java.base/jdk.internal.reflect.DelegatingMethodAccessorImpl.invoke(DelegatingMethodAccessorImpl.java:43)
	at java.base/java.lang.reflect.Method.invoke(Method.java:564)
	at org.testng.internal.MethodInvocationHelper.invokeMethod(MethodInvocationHelper.java:80)
	at org.testng.internal.Invoker.invokeMethod(Invoker.java:714)
	at org.testng.internal.Invoker.invokeTestMethod(Invoker.java:901)
	at org.testng.internal.Invoker.invokeTestMethods(Invoker.java:1231)
	at org.testng.internal.TestMethodWorker.invokeTestMethods(TestMethodWorker.java:127)
	at org.testng.internal.TestMethodWorker.run(TestMethodWorker.java:111)
	at org.testng.TestRunner.privateRun(TestRunner.java:767)
	at org.testng.TestRunner.run(TestRunner.java:617)
	at org.testng.SuiteRunner.runTest(SuiteRunner.java:334)
	at org.testng.SuiteRunner.runSequentially(SuiteRunner.java:329)
	at org.testng.SuiteRunner.privateRun(SuiteRunner.java:291)
	at org.testng.SuiteRunner.run(SuiteRunner.java:240)
	at org.testng.SuiteRunnerWorker.runSuite(SuiteRunnerWorker.java:52)
	at org.testng.SuiteRunnerWorker.run(SuiteRunnerWorker.java:86)
	at org.testng.TestNG.runSuitesSequentially(TestNG.java:1198)
	at org.testng.TestNG.runSuitesLocally(TestNG.java:1123)
	at org.testng.TestNG.run(TestNG.java:1031)
	at org.testng.remote.AbstractRemoteTestNG.run(AbstractRemoteTestNG.java:114)
	at org.testng.remote.RemoteTestNG.initAndRun(RemoteTestNG.java:251)
	at org.testng.remote.RemoteTestNG.main(RemoteTestNG.java:77)
Caused by: java.lang.ClassNotFoundException: org.openqa.selenium.browserlaunchers.Proxies
	at java.base/jdk.internal.loader.BuiltinClassLoader.loadClass(BuiltinClassLoader.java:582)
	at java.base/jdk.internal.loader.ClassLoaders$AppClassLoader.loadClass(ClassLoaders.java:190)
	at java.base/java.lang.ClassLoader.loadClass(ClassLoader.java:499)
	... 28 more
]]>
            </full-stacktrace>
          </exception> <!-- java.lang.NoClassDefFoundError -->
          <reporter-output>
          </reporter-output>
        </test-method> <!-- f -->
      </class> <!-- banners.banners -->
    </test> <!-- Default test -->
  </suite> <!-- Default suite -->
</testng-results>
